<?xml version="1.0" encoding="UTF-8"?>
<testng-results ignored="0" total="1" passed="1" failed="0" skipped="0">
  <reporter-output>
  </reporter-output>
  <suite started-at="2022-10-16T19:36:38 IST" name="Default suite" finished-at="2022-10-16T19:37:24 IST" duration-ms="46056">
    <groups>
    </groups>
    <test started-at="2022-10-16T19:36:38 IST" name="Default test" finished-at="2022-10-16T19:37:24 IST" duration-ms="46056">
      <class name="pages.PageTests">
        <test-method is-config="true" signature="startDriver()[pri:0, instance:pages.PageTests@13e344d]" started-at="2022-10-16T19:36:38 IST" name="startDriver" finished-at="2022-10-16T19:36:46 IST" duration-ms="8619" status="PASS">
          <reporter-output>
          </reporter-output>
        </test-method> <!-- startDriver -->
        <test-method signature="test1()[pri:0, instance:pages.PageTests@13e344d]" started-at="2022-10-16T19:36:46 IST" name="test1" finished-at="2022-10-16T19:37:23 IST" duration-ms="36728" status="PASS">
          <reporter-output>
          </reporter-output>
        </test-method> <!-- test1 -->
        <test-method is-config="true" signature="quitDriver()[pri:0, instance:pages.PageTests@13e344d]" started-at="2022-10-16T19:37:23 IST" name="quitDriver" finished-at="2022-10-16T19:37:24 IST" duration-ms="551" status="PASS">
          <reporter-output>
          </reporter-output>
        </test-method> <!-- quitDriver -->
      </class> <!-- pages.PageTests -->
    </test> <!-- Default test -->
  </suite> <!-- Default suite -->
</testng-results>
